<?xml version="1.0" encoding="utf-8"?><testsuites name="pytest tests"><testsuite name="pytest" errors="0" failures="0" skipped="0" tests="20" time="21.102" timestamp="2026-02-14T04:36:03.046949+00:00" hostname="agent-env-3d5a7b75-f0ad-4386-a3a9-bb88d6262d87"><testcase classname="backend.tests.test_sound_loop_api.TestHealthCheck" name="test_api_root" time="0.541" /><testcase classname="backend.tests.test_sound_loop_api.TestHealthCheck" name="test_health_endpoint" time="0.388" /><testcase classname="backend.tests.test_sound_loop_api.TestAuthenticationFlow" name="test_01_register_new_user" time="0.766" /><testcase classname="backend.tests.test_sound_loop_api.TestAuthenticationFlow" name="test_02_register_duplicate_email" time="0.489" /><testcase classname="backend.tests.test_sound_loop_api.TestAuthenticationFlow" name="test_03_login_with_valid_credentials" time="0.660" /><testcase classname="backend.tests.test_sound_loop_api.TestAuthenticationFlow" name="test_04_login_with_invalid_credentials" time="0.508" /><testcase classname="backend.tests.test_sound_loop_api.TestAuthenticationFlow" name="test_05_get_me_with_valid_token" time="1.015" /><testcase classname="backend.tests.test_sound_loop_api.TestAuthenticationFlow" name="test_06_get_me_without_token" time="0.393" /><testcase classname="backend.tests.test_sound_loop_api.TestSoundsAPI" name="test_01_get_sounds_empty" time="1.067" /><testcase classname="backend.tests.test_sound_loop_api.TestSoundsAPI" name="test_02_create_sound" time="1.029" /><testcase classname="backend.tests.test_sound_loop_api.TestSoundsAPI" name="test_03_get_sounds_after_create" time="1.340" /><testcase classname="backend.tests.test_sound_loop_api.TestSoundsAPI" name="test_04_get_specific_sound" time="1.563" /><testcase classname="backend.tests.test_sound_loop_api.TestSoundsAPI" name="test_05_update_sound" time="1.899" /><testcase classname="backend.tests.test_sound_loop_api.TestSoundsAPI" name="test_06_delete_sound" time="2.208" /><testcase classname="backend.tests.test_sound_loop_api.TestSoundsAPI" name="test_07_get_sounds_without_auth" time="0.404" /><testcase classname="backend.tests.test_sound_loop_api.TestSubscriptionAPI" name="test_01_get_subscription_status" time="1.023" /><testcase classname="backend.tests.test_sound_loop_api.TestSubscriptionAPI" name="test_02_mock_upgrade_to_premium" time="1.052" /><testcase classname="backend.tests.test_sound_loop_api.TestSubscriptionAPI" name="test_03_verify_premium_status" time="1.033" /><testcase classname="backend.tests.test_sound_loop_api.TestSubscriptionAPI" name="test_04_mock_downgrade_from_premium" time="1.212" /><testcase classname="backend.tests.test_sound_loop_api.TestCleanup" name="test_cleanup_test_sounds" time="2.389" /></testsuite></testsuites>